2021-04-30 14:53:52,035 - custodian.policy - DEBUG - Running policy:security-groups-unused-delete resource:security-group region:us-west-2 c7n:0.9.11
2021-04-30 14:53:52,036 - custodian.cache - DEBUG - Using cache file /home/custodian/.cache/cloud-custodian.cache
2021-04-30 14:53:52,037 - custodian.resources.securitygroup - DEBUG - Using cached c7n.resources.vpc.SecurityGroup: 2
2021-04-30 14:53:52,039 - custodian.cache - DEBUG - Using cache file /home/custodian/.cache/cloud-custodian.cache
2021-04-30 14:53:52,040 - custodian.resources.networkinterface - DEBUG - Using cached c7n.resources.vpc.NetworkInterface: 0
2021-04-30 14:53:52,041 - custodian.resources.networkinterface - DEBUG - Filtered from 0 to 0 networkinterface
2021-04-30 14:53:52,042 - custodian.filters - DEBUG - nics using 0 sgs, new refs 0 total 0
2021-04-30 14:53:52,043 - custodian.cache - DEBUG - Using cache file /home/custodian/.cache/cloud-custodian.cache
2021-04-30 14:53:52,044 - custodian.resources.securitygroup - DEBUG - Using cached c7n.resources.vpc.SecurityGroup: 2
2021-04-30 14:53:52,044 - custodian.resources.securitygroup - DEBUG - Filtered from 2 to 2 securitygroup
2021-04-30 14:53:52,045 - custodian.filters - DEBUG - sg-perm-refs using 0 sgs, new refs 0 total 0
2021-04-30 14:53:52,052 - custodian.cache - DEBUG - Using cache file /home/custodian/.cache/cloud-custodian.cache
2021-04-30 14:53:52,292 - custodian.resources.awslambda - DEBUG - Filtered from 0 to 0 awslambda
2021-04-30 14:53:52,294 - custodian.filters - DEBUG - lambdas using 0 sgs, new refs 0 total 0
2021-04-30 14:53:52,308 - custodian.cache - DEBUG - Using cache file /home/custodian/.cache/cloud-custodian.cache
2021-04-30 14:53:52,309 - custodian.resources.launchconfig - DEBUG - Using cached c7n.resources.asg.LaunchConfig: 0
2021-04-30 14:53:52,310 - custodian.resources.launchconfig - DEBUG - Filtered from 0 to 0 launchconfig
2021-04-30 14:53:52,312 - custodian.filters - DEBUG - launch-configs using 0 sgs, new refs 0 total 0
2021-04-30 14:53:52,320 - custodian.cache - DEBUG - Using cache file /home/custodian/.cache/cloud-custodian.cache
2021-04-30 14:53:52,330 - custodian.cache - DEBUG - Using cache file /home/custodian/.cache/cloud-custodian.cache
2021-04-30 14:53:52,529 - custodian.resources.eventrule - DEBUG - Filtered from 0 to 0 eventrule
2021-04-30 14:53:52,531 - custodian.resources.eventruletarget - DEBUG - Filtered from 0 to 0 eventruletarget
2021-04-30 14:53:52,532 - custodian.filters - DEBUG - ecs-cwe using 0 sgs, new refs 0 total 0
2021-04-30 14:53:52,536 - custodian.cache - DEBUG - Using cache file /home/custodian/.cache/cloud-custodian.cache
2021-04-30 14:53:52,537 - custodian.resources.codebuildproject - DEBUG - Using cached c7n.resources.code.CodeBuildProject: 0
2021-04-30 14:53:52,538 - custodian.resources.codebuildproject - DEBUG - Filtered from 0 to 0 codebuildproject
2021-04-30 14:53:52,539 - custodian.filters - DEBUG - codebuild using 0 sgs, new refs 0 total 0
2021-04-30 14:53:52,834 - custodian.output - DEBUG - metric:PolicyException Count:1 policy:security-groups-unused-delete restype:security-group
2021-04-30 14:53:52,835 - custodian.output - DEBUG - metric:ApiCalls Count:3 policy:security-groups-unused-delete restype:security-group
2021-04-30 14:56:16,586 - custodian.policy - DEBUG - Running policy:security-groups-unused-delete resource:security-group region:us-west-2 c7n:0.9.11
2021-04-30 14:56:16,587 - custodian.cache - DEBUG - Using cache file /home/custodian/.cache/cloud-custodian.cache
2021-04-30 14:56:16,588 - custodian.resources.securitygroup - DEBUG - Using cached c7n.resources.vpc.SecurityGroup: 2
2021-04-30 14:56:16,590 - custodian.cache - DEBUG - Using cache file /home/custodian/.cache/cloud-custodian.cache
2021-04-30 14:56:16,591 - custodian.resources.networkinterface - DEBUG - Using cached c7n.resources.vpc.NetworkInterface: 0
2021-04-30 14:56:16,592 - custodian.resources.networkinterface - DEBUG - Filtered from 0 to 0 networkinterface
2021-04-30 14:56:16,593 - custodian.filters - DEBUG - nics using 0 sgs, new refs 0 total 0
2021-04-30 14:56:16,594 - custodian.cache - DEBUG - Using cache file /home/custodian/.cache/cloud-custodian.cache
2021-04-30 14:56:16,595 - custodian.resources.securitygroup - DEBUG - Using cached c7n.resources.vpc.SecurityGroup: 2
2021-04-30 14:56:16,596 - custodian.resources.securitygroup - DEBUG - Filtered from 2 to 2 securitygroup
2021-04-30 14:56:16,596 - custodian.filters - DEBUG - sg-perm-refs using 0 sgs, new refs 0 total 0
2021-04-30 14:56:16,602 - custodian.cache - DEBUG - Using cache file /home/custodian/.cache/cloud-custodian.cache
2021-04-30 14:56:16,843 - custodian.resources.awslambda - DEBUG - Filtered from 0 to 0 awslambda
2021-04-30 14:56:16,845 - custodian.filters - DEBUG - lambdas using 0 sgs, new refs 0 total 0
2021-04-30 14:56:16,859 - custodian.cache - DEBUG - Using cache file /home/custodian/.cache/cloud-custodian.cache
2021-04-30 14:56:16,860 - custodian.resources.launchconfig - DEBUG - Using cached c7n.resources.asg.LaunchConfig: 0
2021-04-30 14:56:16,862 - custodian.resources.launchconfig - DEBUG - Filtered from 0 to 0 launchconfig
2021-04-30 14:56:16,863 - custodian.filters - DEBUG - launch-configs using 0 sgs, new refs 0 total 0
2021-04-30 14:56:16,872 - custodian.cache - DEBUG - Using cache file /home/custodian/.cache/cloud-custodian.cache
2021-04-30 14:56:16,881 - custodian.cache - DEBUG - Using cache file /home/custodian/.cache/cloud-custodian.cache
2021-04-30 14:56:17,126 - custodian.resources.eventrule - DEBUG - Filtered from 0 to 0 eventrule
2021-04-30 14:56:17,128 - custodian.resources.eventruletarget - DEBUG - Filtered from 0 to 0 eventruletarget
2021-04-30 14:56:17,130 - custodian.filters - DEBUG - ecs-cwe using 0 sgs, new refs 0 total 0
2021-04-30 14:56:17,134 - custodian.cache - DEBUG - Using cache file /home/custodian/.cache/cloud-custodian.cache
2021-04-30 14:56:17,135 - custodian.resources.codebuildproject - DEBUG - Using cached c7n.resources.code.CodeBuildProject: 0
2021-04-30 14:56:17,137 - custodian.resources.codebuildproject - DEBUG - Filtered from 0 to 0 codebuildproject
2021-04-30 14:56:17,138 - custodian.filters - DEBUG - codebuild using 0 sgs, new refs 0 total 0
2021-04-30 14:56:17,480 - custodian.output - DEBUG - metric:PolicyException Count:1 policy:security-groups-unused-delete restype:security-group
2021-04-30 14:56:17,482 - custodian.output - DEBUG - metric:ApiCalls Count:3 policy:security-groups-unused-delete restype:security-group
2021-04-30 14:57:01,109 - custodian.policy - DEBUG - Running policy:security-groups-unused-delete resource:security-group region:us-west-2 c7n:0.9.11
2021-04-30 14:57:01,110 - custodian.cache - DEBUG - Using cache file /home/custodian/.cache/cloud-custodian.cache
2021-04-30 14:57:01,111 - custodian.resources.securitygroup - DEBUG - Using cached c7n.resources.vpc.SecurityGroup: 2
2021-04-30 14:57:01,113 - custodian.cache - DEBUG - Using cache file /home/custodian/.cache/cloud-custodian.cache
2021-04-30 14:57:01,347 - custodian.resources.networkinterface - DEBUG - Filtered from 1 to 1 networkinterface
2021-04-30 14:57:01,348 - custodian.filters - DEBUG - nics using 1 sgs, new refs 1 total 1
2021-04-30 14:57:01,350 - custodian.cache - DEBUG - Using cache file /home/custodian/.cache/cloud-custodian.cache
2021-04-30 14:57:01,351 - custodian.resources.securitygroup - DEBUG - Using cached c7n.resources.vpc.SecurityGroup: 2
2021-04-30 14:57:01,352 - custodian.resources.securitygroup - DEBUG - Filtered from 2 to 2 securitygroup
2021-04-30 14:57:01,353 - custodian.filters - DEBUG - sg-perm-refs using 0 sgs, new refs 0 total 1
2021-04-30 14:57:01,367 - custodian.cache - DEBUG - Using cache file /home/custodian/.cache/cloud-custodian.cache
2021-04-30 14:57:01,519 - custodian.resources.awslambda - DEBUG - Filtered from 0 to 0 awslambda
2021-04-30 14:57:01,520 - custodian.filters - DEBUG - lambdas using 0 sgs, new refs 0 total 1
2021-04-30 14:57:01,535 - custodian.cache - DEBUG - Using cache file /home/custodian/.cache/cloud-custodian.cache
2021-04-30 14:57:01,781 - custodian.resources.launchconfig - DEBUG - Filtered from 0 to 0 launchconfig
2021-04-30 14:57:01,782 - custodian.filters - DEBUG - launch-configs using 0 sgs, new refs 0 total 1
2021-04-30 14:57:01,790 - custodian.cache - DEBUG - Using cache file /home/custodian/.cache/cloud-custodian.cache
2021-04-30 14:57:01,799 - custodian.cache - DEBUG - Using cache file /home/custodian/.cache/cloud-custodian.cache
2021-04-30 14:57:01,945 - custodian.resources.eventrule - DEBUG - Filtered from 0 to 0 eventrule
2021-04-30 14:57:01,947 - custodian.resources.eventruletarget - DEBUG - Filtered from 0 to 0 eventruletarget
2021-04-30 14:57:01,948 - custodian.filters - DEBUG - ecs-cwe using 0 sgs, new refs 0 total 1
2021-04-30 14:57:01,953 - custodian.cache - DEBUG - Using cache file /home/custodian/.cache/cloud-custodian.cache
2021-04-30 14:57:02,143 - custodian.resources.codebuildproject - DEBUG - Filtered from 0 to 0 codebuildproject
2021-04-30 14:57:02,144 - custodian.filters - DEBUG - codebuild using 0 sgs, new refs 0 total 1
2021-04-30 14:57:02,307 - custodian.filters - DEBUG - 0 of 1 groups w/ peered refs
2021-04-30 14:57:02,312 - custodian.resources.securitygroup - DEBUG - Filtered from 2 to 0 securitygroup
2021-04-30 14:57:02,334 - custodian.policy - INFO - policy:security-groups-unused-delete resource:security-group region:us-west-2 count:0 time:1.22
2021-04-30 14:57:02,347 - custodian.output - DEBUG - metric:ResourceCount Count:0 policy:security-groups-unused-delete restype:security-group scope:policy
2021-04-30 14:57:02,348 - custodian.output - DEBUG - metric:ApiCalls Count:6 policy:security-groups-unused-delete restype:security-group
2021-04-30 14:57:28,509 - custodian.policy - DEBUG - Running policy:security-groups-unused-delete resource:security-group region:us-west-2 c7n:0.9.11
2021-04-30 14:57:28,888 - custodian.resources.networkinterface - DEBUG - Filtered from 1 to 1 networkinterface
2021-04-30 14:57:28,889 - custodian.filters - DEBUG - nics using 1 sgs, new refs 1 total 1
2021-04-30 14:57:29,079 - custodian.resources.securitygroup - DEBUG - Filtered from 2 to 2 securitygroup
2021-04-30 14:57:29,080 - custodian.filters - DEBUG - sg-perm-refs using 0 sgs, new refs 0 total 1
2021-04-30 14:57:29,247 - custodian.resources.awslambda - DEBUG - Filtered from 0 to 0 awslambda
2021-04-30 14:57:29,248 - custodian.filters - DEBUG - lambdas using 0 sgs, new refs 0 total 1
2021-04-30 14:57:29,427 - custodian.resources.launchconfig - DEBUG - Filtered from 0 to 0 launchconfig
2021-04-30 14:57:29,428 - custodian.filters - DEBUG - launch-configs using 0 sgs, new refs 0 total 1
2021-04-30 14:57:29,596 - custodian.resources.eventrule - DEBUG - Filtered from 0 to 0 eventrule
2021-04-30 14:57:29,598 - custodian.resources.eventruletarget - DEBUG - Filtered from 0 to 0 eventruletarget
2021-04-30 14:57:29,599 - custodian.filters - DEBUG - ecs-cwe using 0 sgs, new refs 0 total 1
2021-04-30 14:57:29,754 - custodian.resources.codebuildproject - DEBUG - Filtered from 0 to 0 codebuildproject
2021-04-30 14:57:29,756 - custodian.filters - DEBUG - codebuild using 0 sgs, new refs 0 total 1
2021-04-30 14:57:29,927 - custodian.filters - DEBUG - 0 of 1 groups w/ peered refs
2021-04-30 14:57:29,929 - custodian.resources.securitygroup - DEBUG - Filtered from 2 to 0 securitygroup
2021-04-30 14:57:29,931 - custodian.policy - INFO - policy:security-groups-unused-delete resource:security-group region:us-west-2 count:0 time:1.42
2021-04-30 14:57:29,941 - custodian.output - DEBUG - metric:ResourceCount Count:0 policy:security-groups-unused-delete restype:security-group scope:policy
2021-04-30 14:57:29,942 - custodian.output - DEBUG - metric:ApiCalls Count:8 policy:security-groups-unused-delete restype:security-group
2021-04-30 14:58:11,267 - custodian.policy - DEBUG - Running policy:security-groups-unused-delete resource:security-group region:us-west-2 c7n:0.9.11
2021-04-30 14:58:11,711 - custodian.resources.networkinterface - DEBUG - Filtered from 1 to 1 networkinterface
2021-04-30 14:58:11,713 - custodian.filters - DEBUG - nics using 1 sgs, new refs 1 total 1
2021-04-30 14:58:11,884 - custodian.resources.securitygroup - DEBUG - Filtered from 2 to 2 securitygroup
2021-04-30 14:58:11,886 - custodian.filters - DEBUG - sg-perm-refs using 0 sgs, new refs 0 total 1
2021-04-30 14:58:12,133 - custodian.resources.awslambda - DEBUG - Filtered from 0 to 0 awslambda
2021-04-30 14:58:12,135 - custodian.filters - DEBUG - lambdas using 0 sgs, new refs 0 total 1
2021-04-30 14:58:12,308 - custodian.resources.launchconfig - DEBUG - Filtered from 0 to 0 launchconfig
2021-04-30 14:58:12,309 - custodian.filters - DEBUG - launch-configs using 0 sgs, new refs 0 total 1
2021-04-30 14:58:12,536 - custodian.resources.eventrule - DEBUG - Filtered from 0 to 0 eventrule
2021-04-30 14:58:12,538 - custodian.resources.eventruletarget - DEBUG - Filtered from 0 to 0 eventruletarget
2021-04-30 14:58:12,539 - custodian.filters - DEBUG - ecs-cwe using 0 sgs, new refs 0 total 1
2021-04-30 14:58:12,687 - custodian.resources.codebuildproject - DEBUG - Filtered from 0 to 0 codebuildproject
2021-04-30 14:58:12,689 - custodian.filters - DEBUG - codebuild using 0 sgs, new refs 0 total 1
2021-04-30 14:58:12,849 - custodian.filters - DEBUG - 0 of 1 groups w/ peered refs
2021-04-30 14:58:12,851 - custodian.resources.securitygroup - DEBUG - Filtered from 2 to 0 securitygroup
2021-04-30 14:58:12,853 - custodian.policy - INFO - policy:security-groups-unused-delete resource:security-group region:us-west-2 count:0 time:1.58
2021-04-30 14:58:12,863 - custodian.output - DEBUG - metric:ResourceCount Count:0 policy:security-groups-unused-delete restype:security-group scope:policy
2021-04-30 14:58:12,864 - custodian.output - DEBUG - metric:ApiCalls Count:8 policy:security-groups-unused-delete restype:security-group
2021-04-30 14:58:44,226 - custodian.policy - DEBUG - Running policy:security-groups-unused-delete resource:security-group region:us-west-2 c7n:0.9.11
2021-04-30 14:58:44,599 - custodian.resources.networkinterface - DEBUG - Filtered from 1 to 1 networkinterface
2021-04-30 14:58:44,601 - custodian.filters - DEBUG - nics using 1 sgs, new refs 1 total 1
2021-04-30 14:58:44,782 - custodian.resources.securitygroup - DEBUG - Filtered from 2 to 2 securitygroup
2021-04-30 14:58:44,783 - custodian.filters - DEBUG - sg-perm-refs using 0 sgs, new refs 0 total 1
2021-04-30 14:58:44,928 - custodian.resources.awslambda - DEBUG - Filtered from 0 to 0 awslambda
2021-04-30 14:58:44,930 - custodian.filters - DEBUG - lambdas using 0 sgs, new refs 0 total 1
2021-04-30 14:58:45,208 - custodian.resources.launchconfig - DEBUG - Filtered from 0 to 0 launchconfig
2021-04-30 14:58:45,210 - custodian.filters - DEBUG - launch-configs using 0 sgs, new refs 0 total 1
2021-04-30 14:58:45,373 - custodian.resources.eventrule - DEBUG - Filtered from 0 to 0 eventrule
2021-04-30 14:58:45,375 - custodian.resources.eventruletarget - DEBUG - Filtered from 0 to 0 eventruletarget
2021-04-30 14:58:45,376 - custodian.filters - DEBUG - ecs-cwe using 0 sgs, new refs 0 total 1
2021-04-30 14:58:45,613 - custodian.resources.codebuildproject - DEBUG - Filtered from 0 to 0 codebuildproject
2021-04-30 14:58:45,614 - custodian.filters - DEBUG - codebuild using 0 sgs, new refs 0 total 1
2021-04-30 14:58:45,792 - custodian.filters - DEBUG - 0 of 1 groups w/ peered refs
2021-04-30 14:58:45,795 - custodian.resources.securitygroup - DEBUG - Filtered from 2 to 0 securitygroup
2021-04-30 14:58:45,796 - custodian.policy - INFO - policy:security-groups-unused-delete resource:security-group region:us-west-2 count:0 time:1.57
2021-04-30 14:58:45,807 - custodian.output - DEBUG - metric:ResourceCount Count:0 policy:security-groups-unused-delete restype:security-group scope:policy
2021-04-30 14:58:45,808 - custodian.output - DEBUG - metric:ApiCalls Count:8 policy:security-groups-unused-delete restype:security-group
2021-04-30 14:59:14,013 - custodian.policy - DEBUG - Running policy:security-groups-unused-delete resource:security-group region:us-west-2 c7n:0.9.11
2021-04-30 14:59:14,589 - custodian.resources.networkinterface - DEBUG - Filtered from 1 to 1 networkinterface
2021-04-30 14:59:14,591 - custodian.filters - DEBUG - nics using 1 sgs, new refs 1 total 1
2021-04-30 14:59:14,773 - custodian.resources.securitygroup - DEBUG - Filtered from 2 to 2 securitygroup
2021-04-30 14:59:14,775 - custodian.filters - DEBUG - sg-perm-refs using 0 sgs, new refs 0 total 1
2021-04-30 14:59:14,919 - custodian.resources.awslambda - DEBUG - Filtered from 0 to 0 awslambda
2021-04-30 14:59:14,921 - custodian.filters - DEBUG - lambdas using 0 sgs, new refs 0 total 1
2021-04-30 14:59:15,102 - custodian.resources.launchconfig - DEBUG - Filtered from 0 to 0 launchconfig
2021-04-30 14:59:15,104 - custodian.filters - DEBUG - launch-configs using 0 sgs, new refs 0 total 1
2021-04-30 14:59:15,268 - custodian.resources.eventrule - DEBUG - Filtered from 0 to 0 eventrule
2021-04-30 14:59:15,269 - custodian.resources.eventruletarget - DEBUG - Filtered from 0 to 0 eventruletarget
2021-04-30 14:59:15,270 - custodian.filters - DEBUG - ecs-cwe using 0 sgs, new refs 0 total 1
2021-04-30 14:59:15,423 - custodian.resources.codebuildproject - DEBUG - Filtered from 0 to 0 codebuildproject
2021-04-30 14:59:15,424 - custodian.filters - DEBUG - codebuild using 0 sgs, new refs 0 total 1
2021-04-30 14:59:15,591 - custodian.filters - DEBUG - 0 of 1 groups w/ peered refs
2021-04-30 14:59:15,593 - custodian.resources.securitygroup - DEBUG - Filtered from 2 to 0 securitygroup
2021-04-30 14:59:15,594 - custodian.policy - INFO - policy:security-groups-unused-delete resource:security-group region:us-west-2 count:0 time:1.58
2021-04-30 14:59:15,604 - custodian.output - DEBUG - metric:ResourceCount Count:0 policy:security-groups-unused-delete restype:security-group scope:policy
2021-04-30 14:59:15,606 - custodian.output - DEBUG - metric:ApiCalls Count:8 policy:security-groups-unused-delete restype:security-group
