2021-04-30 14:53:51,993 - custodian.policy - DEBUG - Running policy:my-first-policy resource:aws.ec2 region:us-west-2 c7n:0.9.11
2021-04-30 14:53:51,994 - custodian.cache - DEBUG - Using cache file /home/custodian/.cache/cloud-custodian.cache
2021-04-30 14:53:51,995 - custodian.resources.ec2 - DEBUG - Using cached c7n.resources.ec2.EC2: 0
2021-04-30 14:53:51,996 - custodian.resources.ec2 - DEBUG - Filtered from 0 to 0 ec2
2021-04-30 14:53:51,997 - custodian.policy - INFO - policy:my-first-policy resource:aws.ec2 region:us-west-2 count:0 time:0.00
2021-04-30 14:53:52,007 - custodian.output - DEBUG - metric:ResourceCount Count:0 policy:my-first-policy restype:aws.ec2 scope:policy
2021-04-30 14:53:52,008 - custodian.output - DEBUG - metric:ApiCalls Count:0 policy:my-first-policy restype:aws.ec2
2021-04-30 14:56:16,545 - custodian.policy - DEBUG - Running policy:my-first-policy resource:aws.ec2 region:us-west-2 c7n:0.9.11
2021-04-30 14:56:16,546 - custodian.cache - DEBUG - Using cache file /home/custodian/.cache/cloud-custodian.cache
2021-04-30 14:56:16,547 - custodian.resources.ec2 - DEBUG - Using cached c7n.resources.ec2.EC2: 0
2021-04-30 14:56:16,548 - custodian.resources.ec2 - DEBUG - Filtered from 0 to 0 ec2
2021-04-30 14:56:16,550 - custodian.policy - INFO - policy:my-first-policy resource:aws.ec2 region:us-west-2 count:0 time:0.00
2021-04-30 14:56:16,562 - custodian.output - DEBUG - metric:ResourceCount Count:0 policy:my-first-policy restype:aws.ec2 scope:policy
2021-04-30 14:56:16,563 - custodian.output - DEBUG - metric:ApiCalls Count:0 policy:my-first-policy restype:aws.ec2
2021-04-30 14:57:00,288 - custodian.policy - DEBUG - Running policy:my-first-policy resource:aws.ec2 region:us-west-2 c7n:0.9.11
2021-04-30 14:57:00,722 - custodian.resources.ec2 - DEBUG - Filtered from 1 to 0 ec2
2021-04-30 14:57:00,723 - custodian.policy - INFO - policy:my-first-policy resource:aws.ec2 region:us-west-2 count:0 time:0.43
2021-04-30 14:57:00,732 - custodian.output - DEBUG - metric:ResourceCount Count:0 policy:my-first-policy restype:aws.ec2 scope:policy
2021-04-30 14:57:00,733 - custodian.output - DEBUG - metric:ApiCalls Count:2 policy:my-first-policy restype:aws.ec2
2021-04-30 14:57:27,824 - custodian.policy - DEBUG - Running policy:my-first-policy resource:aws.ec2 region:us-west-2 c7n:0.9.11
2021-04-30 14:57:28,260 - custodian.resources.ec2 - DEBUG - Filtered from 1 to 0 ec2
2021-04-30 14:57:28,262 - custodian.policy - INFO - policy:my-first-policy resource:aws.ec2 region:us-west-2 count:0 time:0.44
2021-04-30 14:57:28,270 - custodian.output - DEBUG - metric:ResourceCount Count:0 policy:my-first-policy restype:aws.ec2 scope:policy
2021-04-30 14:57:28,271 - custodian.output - DEBUG - metric:ApiCalls Count:2 policy:my-first-policy restype:aws.ec2
2021-04-30 14:58:10,489 - custodian.policy - DEBUG - Running policy:my-first-policy resource:aws.ec2 region:us-west-2 c7n:0.9.11
2021-04-30 14:58:11,001 - custodian.resources.ec2 - DEBUG - Filtered from 1 to 0 ec2
2021-04-30 14:58:11,003 - custodian.policy - INFO - policy:my-first-policy resource:aws.ec2 region:us-west-2 count:0 time:0.51
2021-04-30 14:58:11,012 - custodian.output - DEBUG - metric:ResourceCount Count:0 policy:my-first-policy restype:aws.ec2 scope:policy
2021-04-30 14:58:11,013 - custodian.output - DEBUG - metric:ApiCalls Count:2 policy:my-first-policy restype:aws.ec2
2021-04-30 14:58:43,546 - custodian.policy - DEBUG - Running policy:my-first-policy resource:aws.ec2 region:us-west-2 c7n:0.9.11
2021-04-30 14:58:43,963 - custodian.resources.ec2 - DEBUG - Filtered from 1 to 0 ec2
2021-04-30 14:58:43,965 - custodian.policy - INFO - policy:my-first-policy resource:aws.ec2 region:us-west-2 count:0 time:0.42
2021-04-30 14:58:43,972 - custodian.output - DEBUG - metric:ResourceCount Count:0 policy:my-first-policy restype:aws.ec2 scope:policy
2021-04-30 14:58:43,973 - custodian.output - DEBUG - metric:ApiCalls Count:2 policy:my-first-policy restype:aws.ec2
2021-04-30 14:59:12,170 - custodian.policy - DEBUG - Running policy:my-first-policy resource:aws.ec2 region:us-west-2 c7n:0.9.11
2021-04-30 14:59:12,651 - custodian.resources.ec2 - DEBUG - Filtered from 1 to 0 ec2
2021-04-30 14:59:12,652 - custodian.policy - INFO - policy:my-first-policy resource:aws.ec2 region:us-west-2 count:0 time:0.48
2021-04-30 14:59:12,660 - custodian.output - DEBUG - metric:ResourceCount Count:0 policy:my-first-policy restype:aws.ec2 scope:policy
2021-04-30 14:59:12,661 - custodian.output - DEBUG - metric:ApiCalls Count:2 policy:my-first-policy restype:aws.ec2
